2024-01-18, 21:15,   download, /dir1/dir2/file4
2024-01-18, 21:16,   search, for
2024-01-18, 21:16,  list
2024-01-18, 21:23,   search, for
2024-01-18, 21:23,  list
2024-01-18, 21:38,   download, /dir1/dir2/file4
2024-01-18, 21:34,   download, /dir1/dir2/file4
2024-01-18, 21:34,   download, /dir1/dir2/file4
2024-01-18, 21:30,   download, /dir1/dir2/file4
2024-01-18, 21:43,  list
2024-01-18, 21:42,   move, /dir1/dir2/file4, /mode/dir/moved_file
2024-01-18, 21:51,  list
2024-01-18, 21:58,   move, /dir1/dir2/file4, /move/new/moved
2024-01-18, 21:52,  list
2024-01-22, 14:59,  list
2024-01-22, 15:29,  list
2024-01-22, 15:28,  list
2024-01-22, 17:56,   search, from
2024-01-22, 17:56,   search, in
2024-01-22, 17:55,   search, for
2024-01-22, 17:55,  list
2024-01-22, 19:04,   move, /move/new/moved, /new_dir/file4
2024-01-23, 10:12,  list
2024-01-23, 10:07,  list
2024-01-23, 10:05,  list
2024-01-23, 10:00,  list
2024-01-23, 09:59,  list
2024-01-23, 15:47,   delete, /dir1/move/test
2024-01-23, 15:47,  list
2024-01-23, 15:47,   download, /new_dir/file3
2024-01-23, 15:44,   search, dupa
2024-01-23, 15:44,   move, /new_dir/file4, /new_dir/file3
2024-01-23, 15:43,  list
2024-01-23, 15:42,   update, /new_dir/file4
2024-01-23, 16:03,   search, set
2024-01-23, 16:01,  list
2024-01-23, 16:00,  list
2024-01-23, 15:59,   search, set
2024-01-23, 16:22,  list
2024-01-23, 16:21,   update, /dir1/my_file
2024-01-23, 16:20,   download, /dir1/my_file
2024-01-23, 16:16,   upload, /dir1/my_file
2024-01-23, 16:15,   upload, /file
2024-01-23, 16:13,  list
2024-01-23, 20:48,  list
2024-01-24, 20:27,   search, from
2024-01-24, 20:27,   search, for
2024-01-24, 20:27,  list
2024-01-24, 20:33,   search, dupa
2024-01-24, 20:33,   search, dupe
2024-01-24, 20:28,   search, orice
2024-01-24, 21:03,   upload, /last/test/for/upload
2024-01-25, 14:12,  list
2024-01-25, 14:47,   delete, /last/test/for/upload
2024-01-25, 14:46,   delete, /sudo_file
2024-01-25, 14:46,  list
2024-01-25, 14:50,  list
2024-01-25, 15:09,  list
2024-01-25, 15:10,  list
2024-01-25, 15:11,  list
